<?xml version="1.0" encoding="UTF-8"?>
<testng-results ignored="0" total="1" passed="1" failed="0" skipped="0">
  <reporter-output>
  </reporter-output>
  <suite started-at="2020-07-24T20:05:38Z" name="Default suite" finished-at="2020-07-24T20:06:10Z" duration-ms="32283">
    <groups>
    </groups>
    <test started-at="2020-07-24T20:05:38Z" name="Default test" finished-at="2020-07-24T20:06:10Z" duration-ms="32283">
      <class name="com.qa.hs.tests.LoginTest">
        <test-method signature="loginTest()[pri:0, instance:com.qa.hs.tests.LoginTest@26e356f0]" started-at="2020-07-24T20:05:38Z" name="loginTest" finished-at="2020-07-24T20:06:10Z" duration-ms="32191" status="PASS">
          <reporter-output>
          </reporter-output>
        </test-method> <!-- loginTest -->
      </class> <!-- com.qa.hs.tests.LoginTest -->
    </test> <!-- Default test -->
  </suite> <!-- Default suite -->
</testng-results>
